<?xml version="1.0" encoding="UTF-8"?>
<!-- Generated by org.testng.reporters.JUnitReportReporter -->
<testsuite hostname="LAPTOP-EBL30HHN" failures="0" tests="2" name="BadBlood.Tests.TestHomePage" time="4.196" errors="0" timestamp="2024-08-27T14:41:38 IST" skipped="0">
  <testcase classname="BadBlood.Tests.TestHomePage" name="test1" time="2.291"/>
  <testcase classname="BadBlood.Tests.TestHomePage" name="test1" time="1.905"/>
</testsuite> <!-- BadBlood.Tests.TestHomePage -->
