<?xml version="1.0" encoding="UTF-8"?>
<!-- Generated by org.testng.reporters.JUnitReportReporter -->
<testsuite hostname="LAPTOP-EBL30HHN" failures="0" tests="1" name="BadBlood.BaseTest.Basetest" time="0.009" errors="0" timestamp="2024-08-26T09:20:24 IST" skipped="0">
  <testcase classname="BadBlood.BaseTest.Basetest" name="test1" time="0.009"/>
</testsuite> <!-- BadBlood.BaseTest.Basetest -->
